C:\USERS\JOSHUA\DOCUMENTS\FINAL YEAR\U1150202_FYP\U1150202_FYP\DEBUG\DXENGINEBASE.OBJ
C:\USERS\JOSHUA\DOCUMENTS\FINAL YEAR\U1150202_FYP\U1150202_FYP\DEBUG\MAIN.OBJ
C:\USERS\JOSHUA\DOCUMENTS\FINAL YEAR\U1150202_FYP\U1150202_FYP\DEBUG\ENGINE.OBJ
C:\USERS\JOSHUA\DOCUMENTS\FINAL YEAR\U1150202_FYP\U1150202_FYP\DEBUG\VC110.PDB
C:\USERS\JOSHUA\DOCUMENTS\FINAL YEAR\U1150202_FYP\U1150202_FYP\DEBUG\SPRITE.OBJ
C:\USERS\JOSHUA\DOCUMENTS\FINAL YEAR\U1150202_FYP\U1150202_FYP\DEBUG\FONT.OBJ
C:\USERS\JOSHUA\DOCUMENTS\FINAL YEAR\U1150202_FYP\U1150202_FYP\DEBUG\TEXT.OBJ
C:\USERS\JOSHUA\DOCUMENTS\FINAL YEAR\U1150202_FYP\U1150202_FYP\DEBUG\XMLCLASSBASE.OBJ
C:\USERS\JOSHUA\DOCUMENTS\FINAL YEAR\U1150202_FYP\DEBUG\U1150202_FYP.ILK
C:\USERS\JOSHUA\DOCUMENTS\FINAL YEAR\U1150202_FYP\DEBUG\U1150202_FYP.EXE
C:\USERS\JOSHUA\DOCUMENTS\FINAL YEAR\U1150202_FYP\DEBUG\U1150202_FYP.PDB
C:\Users\Joshua\Documents\Final Year\U1150202_FYP\U1150202_FYP\Debug\U1150202_FYP.vcxprojResolveAssemblyReference.cache
C:\Users\Joshua\Documents\Final Year\U1150202_FYP\U1150202_FYP\Debug\DXEngineBase.obj
C:\Users\Joshua\Documents\Final Year\U1150202_FYP\U1150202_FYP\Debug\Engine.obj
C:\Users\Joshua\Documents\Final Year\U1150202_FYP\U1150202_FYP\Debug\Font.obj
C:\Users\Joshua\Documents\Final Year\U1150202_FYP\U1150202_FYP\Debug\Main.obj
C:\Users\Joshua\Documents\Final Year\U1150202_FYP\U1150202_FYP\Debug\Sprite.obj
C:\Users\Joshua\Documents\Final Year\U1150202_FYP\U1150202_FYP\Debug\Text.obj
C:\Users\Joshua\Documents\Final Year\U1150202_FYP\U1150202_FYP\Debug\XMLClassBase.obj
C:\Users\Joshua\Documents\Final Year\U1150202_FYP\U1150202_FYP\Debug\msxml6.tli
C:\Users\Joshua\Documents\Final Year\U1150202_FYP\U1150202_FYP\Debug\msxml6.tlh
C:\Users\Joshua\Documents\Final Year\U1150202_FYP\U1150202_FYP\Debug\cl.command.1.tlog
C:\Users\Joshua\Documents\Final Year\U1150202_FYP\U1150202_FYP\Debug\CL.read.1.tlog
C:\Users\Joshua\Documents\Final Year\U1150202_FYP\U1150202_FYP\Debug\CL.write.1.tlog
C:\Users\Joshua\Documents\Final Year\U1150202_FYP\U1150202_FYP\Debug\link-cvtres.read.1.tlog
C:\Users\Joshua\Documents\Final Year\U1150202_FYP\U1150202_FYP\Debug\link-cvtres.write.1.tlog
C:\Users\Joshua\Documents\Final Year\U1150202_FYP\U1150202_FYP\Debug\link-rc.read.1.tlog
C:\Users\Joshua\Documents\Final Year\U1150202_FYP\U1150202_FYP\Debug\link-rc.write.1.tlog
C:\Users\Joshua\Documents\Final Year\U1150202_FYP\U1150202_FYP\Debug\link.1524-cvtres.read.1.tlog
C:\Users\Joshua\Documents\Final Year\U1150202_FYP\U1150202_FYP\Debug\link.1524-cvtres.write.1.tlog
C:\Users\Joshua\Documents\Final Year\U1150202_FYP\U1150202_FYP\Debug\link.1524-rc.read.1.tlog
C:\Users\Joshua\Documents\Final Year\U1150202_FYP\U1150202_FYP\Debug\link.1524-rc.write.1.tlog
C:\Users\Joshua\Documents\Final Year\U1150202_FYP\U1150202_FYP\Debug\link.1524.read.1.tlog
C:\Users\Joshua\Documents\Final Year\U1150202_FYP\U1150202_FYP\Debug\link.1524.write.1.tlog
C:\Users\Joshua\Documents\Final Year\U1150202_FYP\U1150202_FYP\Debug\link.1896-cvtres.read.1.tlog
C:\Users\Joshua\Documents\Final Year\U1150202_FYP\U1150202_FYP\Debug\link.1896-cvtres.write.1.tlog
C:\Users\Joshua\Documents\Final Year\U1150202_FYP\U1150202_FYP\Debug\link.1896-rc.read.1.tlog
C:\Users\Joshua\Documents\Final Year\U1150202_FYP\U1150202_FYP\Debug\link.1896-rc.write.1.tlog
C:\Users\Joshua\Documents\Final Year\U1150202_FYP\U1150202_FYP\Debug\link.1896.read.1.tlog
C:\Users\Joshua\Documents\Final Year\U1150202_FYP\U1150202_FYP\Debug\link.1896.write.1.tlog
C:\Users\Joshua\Documents\Final Year\U1150202_FYP\U1150202_FYP\Debug\link.3320-cvtres.read.1.tlog
C:\Users\Joshua\Documents\Final Year\U1150202_FYP\U1150202_FYP\Debug\link.3320-cvtres.write.1.tlog
C:\Users\Joshua\Documents\Final Year\U1150202_FYP\U1150202_FYP\Debug\link.3320-rc.read.1.tlog
C:\Users\Joshua\Documents\Final Year\U1150202_FYP\U1150202_FYP\Debug\link.3320-rc.write.1.tlog
C:\Users\Joshua\Documents\Final Year\U1150202_FYP\U1150202_FYP\Debug\link.3320.read.1.tlog
C:\Users\Joshua\Documents\Final Year\U1150202_FYP\U1150202_FYP\Debug\link.3320.write.1.tlog
C:\Users\Joshua\Documents\Final Year\U1150202_FYP\U1150202_FYP\Debug\link.3340-cvtres.read.1.tlog
C:\Users\Joshua\Documents\Final Year\U1150202_FYP\U1150202_FYP\Debug\link.3340-cvtres.write.1.tlog
C:\Users\Joshua\Documents\Final Year\U1150202_FYP\U1150202_FYP\Debug\link.3340-rc.read.1.tlog
C:\Users\Joshua\Documents\Final Year\U1150202_FYP\U1150202_FYP\Debug\link.3340-rc.write.1.tlog
C:\Users\Joshua\Documents\Final Year\U1150202_FYP\U1150202_FYP\Debug\link.3340.read.1.tlog
C:\Users\Joshua\Documents\Final Year\U1150202_FYP\U1150202_FYP\Debug\link.3340.write.1.tlog
C:\Users\Joshua\Documents\Final Year\U1150202_FYP\U1150202_FYP\Debug\link.3756-cvtres.read.1.tlog
C:\Users\Joshua\Documents\Final Year\U1150202_FYP\U1150202_FYP\Debug\link.3756-cvtres.write.1.tlog
C:\Users\Joshua\Documents\Final Year\U1150202_FYP\U1150202_FYP\Debug\link.3756-rc.read.1.tlog
C:\Users\Joshua\Documents\Final Year\U1150202_FYP\U1150202_FYP\Debug\link.3756-rc.write.1.tlog
C:\Users\Joshua\Documents\Final Year\U1150202_FYP\U1150202_FYP\Debug\link.3756.read.1.tlog
C:\Users\Joshua\Documents\Final Year\U1150202_FYP\U1150202_FYP\Debug\link.3756.write.1.tlog
C:\Users\Joshua\Documents\Final Year\U1150202_FYP\U1150202_FYP\Debug\link.4560-cvtres.read.1.tlog
C:\Users\Joshua\Documents\Final Year\U1150202_FYP\U1150202_FYP\Debug\link.4560-cvtres.write.1.tlog
C:\Users\Joshua\Documents\Final Year\U1150202_FYP\U1150202_FYP\Debug\link.4560-rc.read.1.tlog
C:\Users\Joshua\Documents\Final Year\U1150202_FYP\U1150202_FYP\Debug\link.4560-rc.write.1.tlog
C:\Users\Joshua\Documents\Final Year\U1150202_FYP\U1150202_FYP\Debug\link.4560.read.1.tlog
C:\Users\Joshua\Documents\Final Year\U1150202_FYP\U1150202_FYP\Debug\link.4560.write.1.tlog
C:\Users\Joshua\Documents\Final Year\U1150202_FYP\U1150202_FYP\Debug\link.4716-cvtres.read.1.tlog
C:\Users\Joshua\Documents\Final Year\U1150202_FYP\U1150202_FYP\Debug\link.4716-cvtres.write.1.tlog
C:\Users\Joshua\Documents\Final Year\U1150202_FYP\U1150202_FYP\Debug\link.4716-rc.read.1.tlog
C:\Users\Joshua\Documents\Final Year\U1150202_FYP\U1150202_FYP\Debug\link.4716-rc.write.1.tlog
C:\Users\Joshua\Documents\Final Year\U1150202_FYP\U1150202_FYP\Debug\link.4716.read.1.tlog
C:\Users\Joshua\Documents\Final Year\U1150202_FYP\U1150202_FYP\Debug\link.4716.write.1.tlog
C:\Users\Joshua\Documents\Final Year\U1150202_FYP\U1150202_FYP\Debug\link.5172-cvtres.read.1.tlog
C:\Users\Joshua\Documents\Final Year\U1150202_FYP\U1150202_FYP\Debug\link.5172-cvtres.write.1.tlog
C:\Users\Joshua\Documents\Final Year\U1150202_FYP\U1150202_FYP\Debug\link.5172-rc.read.1.tlog
C:\Users\Joshua\Documents\Final Year\U1150202_FYP\U1150202_FYP\Debug\link.5172-rc.write.1.tlog
C:\Users\Joshua\Documents\Final Year\U1150202_FYP\U1150202_FYP\Debug\link.5172.read.1.tlog
C:\Users\Joshua\Documents\Final Year\U1150202_FYP\U1150202_FYP\Debug\link.5172.write.1.tlog
C:\Users\Joshua\Documents\Final Year\U1150202_FYP\U1150202_FYP\Debug\link.5260-cvtres.read.1.tlog
C:\Users\Joshua\Documents\Final Year\U1150202_FYP\U1150202_FYP\Debug\link.5260-cvtres.write.1.tlog
C:\Users\Joshua\Documents\Final Year\U1150202_FYP\U1150202_FYP\Debug\link.5260-rc.read.1.tlog
C:\Users\Joshua\Documents\Final Year\U1150202_FYP\U1150202_FYP\Debug\link.5260-rc.write.1.tlog
C:\Users\Joshua\Documents\Final Year\U1150202_FYP\U1150202_FYP\Debug\link.5260.read.1.tlog
C:\Users\Joshua\Documents\Final Year\U1150202_FYP\U1150202_FYP\Debug\link.5260.write.1.tlog
C:\Users\Joshua\Documents\Final Year\U1150202_FYP\U1150202_FYP\Debug\link.5516-cvtres.read.1.tlog
C:\Users\Joshua\Documents\Final Year\U1150202_FYP\U1150202_FYP\Debug\link.5516-cvtres.write.1.tlog
C:\Users\Joshua\Documents\Final Year\U1150202_FYP\U1150202_FYP\Debug\link.5516-rc.read.1.tlog
C:\Users\Joshua\Documents\Final Year\U1150202_FYP\U1150202_FYP\Debug\link.5516-rc.write.1.tlog
C:\Users\Joshua\Documents\Final Year\U1150202_FYP\U1150202_FYP\Debug\link.5516.read.1.tlog
C:\Users\Joshua\Documents\Final Year\U1150202_FYP\U1150202_FYP\Debug\link.5516.write.1.tlog
C:\Users\Joshua\Documents\Final Year\U1150202_FYP\U1150202_FYP\Debug\link.5628-cvtres.read.1.tlog
C:\Users\Joshua\Documents\Final Year\U1150202_FYP\U1150202_FYP\Debug\link.5628-cvtres.write.1.tlog
C:\Users\Joshua\Documents\Final Year\U1150202_FYP\U1150202_FYP\Debug\link.5628-rc.read.1.tlog
C:\Users\Joshua\Documents\Final Year\U1150202_FYP\U1150202_FYP\Debug\link.5628-rc.write.1.tlog
C:\Users\Joshua\Documents\Final Year\U1150202_FYP\U1150202_FYP\Debug\link.5628.read.1.tlog
C:\Users\Joshua\Documents\Final Year\U1150202_FYP\U1150202_FYP\Debug\link.5628.write.1.tlog
C:\Users\Joshua\Documents\Final Year\U1150202_FYP\U1150202_FYP\Debug\link.5668-cvtres.read.1.tlog
C:\Users\Joshua\Documents\Final Year\U1150202_FYP\U1150202_FYP\Debug\link.5668-cvtres.write.1.tlog
C:\Users\Joshua\Documents\Final Year\U1150202_FYP\U1150202_FYP\Debug\link.5668-rc.read.1.tlog
C:\Users\Joshua\Documents\Final Year\U1150202_FYP\U1150202_FYP\Debug\link.5668-rc.write.1.tlog
C:\Users\Joshua\Documents\Final Year\U1150202_FYP\U1150202_FYP\Debug\link.5668.read.1.tlog
C:\Users\Joshua\Documents\Final Year\U1150202_FYP\U1150202_FYP\Debug\link.5668.write.1.tlog
C:\Users\Joshua\Documents\Final Year\U1150202_FYP\U1150202_FYP\Debug\link.6164-cvtres.read.1.tlog
C:\Users\Joshua\Documents\Final Year\U1150202_FYP\U1150202_FYP\Debug\link.6164-cvtres.write.1.tlog
C:\Users\Joshua\Documents\Final Year\U1150202_FYP\U1150202_FYP\Debug\link.6164-rc.read.1.tlog
C:\Users\Joshua\Documents\Final Year\U1150202_FYP\U1150202_FYP\Debug\link.6164-rc.write.1.tlog
C:\Users\Joshua\Documents\Final Year\U1150202_FYP\U1150202_FYP\Debug\link.6164.read.1.tlog
C:\Users\Joshua\Documents\Final Year\U1150202_FYP\U1150202_FYP\Debug\link.6164.write.1.tlog
C:\Users\Joshua\Documents\Final Year\U1150202_FYP\U1150202_FYP\Debug\link.6372-cvtres.read.1.tlog
C:\Users\Joshua\Documents\Final Year\U1150202_FYP\U1150202_FYP\Debug\link.6372-cvtres.write.1.tlog
C:\Users\Joshua\Documents\Final Year\U1150202_FYP\U1150202_FYP\Debug\link.6372-rc.read.1.tlog
C:\Users\Joshua\Documents\Final Year\U1150202_FYP\U1150202_FYP\Debug\link.6372-rc.write.1.tlog
C:\Users\Joshua\Documents\Final Year\U1150202_FYP\U1150202_FYP\Debug\link.6372.read.1.tlog
C:\Users\Joshua\Documents\Final Year\U1150202_FYP\U1150202_FYP\Debug\link.6372.write.1.tlog
C:\Users\Joshua\Documents\Final Year\U1150202_FYP\U1150202_FYP\Debug\link.6592-cvtres.read.1.tlog
C:\Users\Joshua\Documents\Final Year\U1150202_FYP\U1150202_FYP\Debug\link.6592-cvtres.write.1.tlog
C:\Users\Joshua\Documents\Final Year\U1150202_FYP\U1150202_FYP\Debug\link.6592-rc.read.1.tlog
C:\Users\Joshua\Documents\Final Year\U1150202_FYP\U1150202_FYP\Debug\link.6592-rc.write.1.tlog
C:\Users\Joshua\Documents\Final Year\U1150202_FYP\U1150202_FYP\Debug\link.6592.read.1.tlog
C:\Users\Joshua\Documents\Final Year\U1150202_FYP\U1150202_FYP\Debug\link.6592.write.1.tlog
C:\Users\Joshua\Documents\Final Year\U1150202_FYP\U1150202_FYP\Debug\link.6652-cvtres.read.1.tlog
C:\Users\Joshua\Documents\Final Year\U1150202_FYP\U1150202_FYP\Debug\link.6652-cvtres.write.1.tlog
C:\Users\Joshua\Documents\Final Year\U1150202_FYP\U1150202_FYP\Debug\link.6652-rc.read.1.tlog
C:\Users\Joshua\Documents\Final Year\U1150202_FYP\U1150202_FYP\Debug\link.6652-rc.write.1.tlog
C:\Users\Joshua\Documents\Final Year\U1150202_FYP\U1150202_FYP\Debug\link.6652.read.1.tlog
C:\Users\Joshua\Documents\Final Year\U1150202_FYP\U1150202_FYP\Debug\link.6652.write.1.tlog
C:\Users\Joshua\Documents\Final Year\U1150202_FYP\U1150202_FYP\Debug\link.6680-cvtres.read.1.tlog
C:\Users\Joshua\Documents\Final Year\U1150202_FYP\U1150202_FYP\Debug\link.6680-cvtres.write.1.tlog
C:\Users\Joshua\Documents\Final Year\U1150202_FYP\U1150202_FYP\Debug\link.6680-rc.read.1.tlog
C:\Users\Joshua\Documents\Final Year\U1150202_FYP\U1150202_FYP\Debug\link.6680-rc.write.1.tlog
C:\Users\Joshua\Documents\Final Year\U1150202_FYP\U1150202_FYP\Debug\link.6680.read.1.tlog
C:\Users\Joshua\Documents\Final Year\U1150202_FYP\U1150202_FYP\Debug\link.6680.write.1.tlog
C:\Users\Joshua\Documents\Final Year\U1150202_FYP\U1150202_FYP\Debug\link.6880-cvtres.read.1.tlog
C:\Users\Joshua\Documents\Final Year\U1150202_FYP\U1150202_FYP\Debug\link.6880-cvtres.write.1.tlog
C:\Users\Joshua\Documents\Final Year\U1150202_FYP\U1150202_FYP\Debug\link.6880-rc.read.1.tlog
C:\Users\Joshua\Documents\Final Year\U1150202_FYP\U1150202_FYP\Debug\link.6880-rc.write.1.tlog
C:\Users\Joshua\Documents\Final Year\U1150202_FYP\U1150202_FYP\Debug\link.6880.read.1.tlog
C:\Users\Joshua\Documents\Final Year\U1150202_FYP\U1150202_FYP\Debug\link.6880.write.1.tlog
C:\Users\Joshua\Documents\Final Year\U1150202_FYP\U1150202_FYP\Debug\link.6968-cvtres.read.1.tlog
C:\Users\Joshua\Documents\Final Year\U1150202_FYP\U1150202_FYP\Debug\link.6968-cvtres.write.1.tlog
C:\Users\Joshua\Documents\Final Year\U1150202_FYP\U1150202_FYP\Debug\link.6968-rc.read.1.tlog
C:\Users\Joshua\Documents\Final Year\U1150202_FYP\U1150202_FYP\Debug\link.6968-rc.write.1.tlog
C:\Users\Joshua\Documents\Final Year\U1150202_FYP\U1150202_FYP\Debug\link.6968.read.1.tlog
C:\Users\Joshua\Documents\Final Year\U1150202_FYP\U1150202_FYP\Debug\link.6968.write.1.tlog
C:\Users\Joshua\Documents\Final Year\U1150202_FYP\U1150202_FYP\Debug\link.7240-cvtres.read.1.tlog
C:\Users\Joshua\Documents\Final Year\U1150202_FYP\U1150202_FYP\Debug\link.7240-cvtres.write.1.tlog
C:\Users\Joshua\Documents\Final Year\U1150202_FYP\U1150202_FYP\Debug\link.7240-rc.read.1.tlog
C:\Users\Joshua\Documents\Final Year\U1150202_FYP\U1150202_FYP\Debug\link.7240-rc.write.1.tlog
C:\Users\Joshua\Documents\Final Year\U1150202_FYP\U1150202_FYP\Debug\link.7240.read.1.tlog
C:\Users\Joshua\Documents\Final Year\U1150202_FYP\U1150202_FYP\Debug\link.7240.write.1.tlog
C:\Users\Joshua\Documents\Final Year\U1150202_FYP\U1150202_FYP\Debug\link.7296-cvtres.read.1.tlog
C:\Users\Joshua\Documents\Final Year\U1150202_FYP\U1150202_FYP\Debug\link.7296-cvtres.write.1.tlog
C:\Users\Joshua\Documents\Final Year\U1150202_FYP\U1150202_FYP\Debug\link.7296-rc.read.1.tlog
C:\Users\Joshua\Documents\Final Year\U1150202_FYP\U1150202_FYP\Debug\link.7296-rc.write.1.tlog
C:\Users\Joshua\Documents\Final Year\U1150202_FYP\U1150202_FYP\Debug\link.7296.read.1.tlog
C:\Users\Joshua\Documents\Final Year\U1150202_FYP\U1150202_FYP\Debug\link.7296.write.1.tlog
C:\Users\Joshua\Documents\Final Year\U1150202_FYP\U1150202_FYP\Debug\link.7400-cvtres.read.1.tlog
C:\Users\Joshua\Documents\Final Year\U1150202_FYP\U1150202_FYP\Debug\link.7400-cvtres.write.1.tlog
C:\Users\Joshua\Documents\Final Year\U1150202_FYP\U1150202_FYP\Debug\link.7400-rc.read.1.tlog
C:\Users\Joshua\Documents\Final Year\U1150202_FYP\U1150202_FYP\Debug\link.7400-rc.write.1.tlog
C:\Users\Joshua\Documents\Final Year\U1150202_FYP\U1150202_FYP\Debug\link.7400.read.1.tlog
C:\Users\Joshua\Documents\Final Year\U1150202_FYP\U1150202_FYP\Debug\link.7400.write.1.tlog
C:\Users\Joshua\Documents\Final Year\U1150202_FYP\U1150202_FYP\Debug\link.7728-cvtres.read.1.tlog
C:\Users\Joshua\Documents\Final Year\U1150202_FYP\U1150202_FYP\Debug\link.7728-cvtres.write.1.tlog
C:\Users\Joshua\Documents\Final Year\U1150202_FYP\U1150202_FYP\Debug\link.7728-rc.read.1.tlog
C:\Users\Joshua\Documents\Final Year\U1150202_FYP\U1150202_FYP\Debug\link.7728-rc.write.1.tlog
C:\Users\Joshua\Documents\Final Year\U1150202_FYP\U1150202_FYP\Debug\link.7728.read.1.tlog
C:\Users\Joshua\Documents\Final Year\U1150202_FYP\U1150202_FYP\Debug\link.7728.write.1.tlog
C:\Users\Joshua\Documents\Final Year\U1150202_FYP\U1150202_FYP\Debug\link.7860-cvtres.read.1.tlog
C:\Users\Joshua\Documents\Final Year\U1150202_FYP\U1150202_FYP\Debug\link.7860-cvtres.write.1.tlog
C:\Users\Joshua\Documents\Final Year\U1150202_FYP\U1150202_FYP\Debug\link.7860-rc.read.1.tlog
C:\Users\Joshua\Documents\Final Year\U1150202_FYP\U1150202_FYP\Debug\link.7860-rc.write.1.tlog
C:\Users\Joshua\Documents\Final Year\U1150202_FYP\U1150202_FYP\Debug\link.7860.read.1.tlog
C:\Users\Joshua\Documents\Final Year\U1150202_FYP\U1150202_FYP\Debug\link.7860.write.1.tlog
C:\Users\Joshua\Documents\Final Year\U1150202_FYP\U1150202_FYP\Debug\link.7868-cvtres.read.1.tlog
C:\Users\Joshua\Documents\Final Year\U1150202_FYP\U1150202_FYP\Debug\link.7868-cvtres.write.1.tlog
C:\Users\Joshua\Documents\Final Year\U1150202_FYP\U1150202_FYP\Debug\link.7868-rc.read.1.tlog
C:\Users\Joshua\Documents\Final Year\U1150202_FYP\U1150202_FYP\Debug\link.7868-rc.write.1.tlog
C:\Users\Joshua\Documents\Final Year\U1150202_FYP\U1150202_FYP\Debug\link.7868.read.1.tlog
C:\Users\Joshua\Documents\Final Year\U1150202_FYP\U1150202_FYP\Debug\link.7868.write.1.tlog
C:\Users\Joshua\Documents\Final Year\U1150202_FYP\U1150202_FYP\Debug\link.7888-cvtres.read.1.tlog
C:\Users\Joshua\Documents\Final Year\U1150202_FYP\U1150202_FYP\Debug\link.7888-cvtres.write.1.tlog
C:\Users\Joshua\Documents\Final Year\U1150202_FYP\U1150202_FYP\Debug\link.7888-rc.read.1.tlog
C:\Users\Joshua\Documents\Final Year\U1150202_FYP\U1150202_FYP\Debug\link.7888-rc.write.1.tlog
C:\Users\Joshua\Documents\Final Year\U1150202_FYP\U1150202_FYP\Debug\link.7888.read.1.tlog
C:\Users\Joshua\Documents\Final Year\U1150202_FYP\U1150202_FYP\Debug\link.7888.write.1.tlog
C:\Users\Joshua\Documents\Final Year\U1150202_FYP\U1150202_FYP\Debug\link.8000-cvtres.read.1.tlog
C:\Users\Joshua\Documents\Final Year\U1150202_FYP\U1150202_FYP\Debug\link.8000-cvtres.write.1.tlog
C:\Users\Joshua\Documents\Final Year\U1150202_FYP\U1150202_FYP\Debug\link.8000-rc.read.1.tlog
C:\Users\Joshua\Documents\Final Year\U1150202_FYP\U1150202_FYP\Debug\link.8000-rc.write.1.tlog
C:\Users\Joshua\Documents\Final Year\U1150202_FYP\U1150202_FYP\Debug\link.8000.read.1.tlog
C:\Users\Joshua\Documents\Final Year\U1150202_FYP\U1150202_FYP\Debug\link.8000.write.1.tlog
C:\Users\Joshua\Documents\Final Year\U1150202_FYP\U1150202_FYP\Debug\link.8088-cvtres.read.1.tlog
C:\Users\Joshua\Documents\Final Year\U1150202_FYP\U1150202_FYP\Debug\link.8088-cvtres.write.1.tlog
C:\Users\Joshua\Documents\Final Year\U1150202_FYP\U1150202_FYP\Debug\link.8088-rc.read.1.tlog
C:\Users\Joshua\Documents\Final Year\U1150202_FYP\U1150202_FYP\Debug\link.8088-rc.write.1.tlog
C:\Users\Joshua\Documents\Final Year\U1150202_FYP\U1150202_FYP\Debug\link.8088.read.1.tlog
C:\Users\Joshua\Documents\Final Year\U1150202_FYP\U1150202_FYP\Debug\link.8088.write.1.tlog
C:\Users\Joshua\Documents\Final Year\U1150202_FYP\U1150202_FYP\Debug\link.948-cvtres.read.1.tlog
C:\Users\Joshua\Documents\Final Year\U1150202_FYP\U1150202_FYP\Debug\link.948-cvtres.write.1.tlog
C:\Users\Joshua\Documents\Final Year\U1150202_FYP\U1150202_FYP\Debug\link.948-rc.read.1.tlog
C:\Users\Joshua\Documents\Final Year\U1150202_FYP\U1150202_FYP\Debug\link.948-rc.write.1.tlog
C:\Users\Joshua\Documents\Final Year\U1150202_FYP\U1150202_FYP\Debug\link.948.read.1.tlog
C:\Users\Joshua\Documents\Final Year\U1150202_FYP\U1150202_FYP\Debug\link.948.write.1.tlog
C:\Users\Joshua\Documents\Final Year\U1150202_FYP\U1150202_FYP\Debug\link.command.1.tlog
C:\Users\Joshua\Documents\Final Year\U1150202_FYP\U1150202_FYP\Debug\link.read.1.tlog
C:\Users\Joshua\Documents\Final Year\U1150202_FYP\U1150202_FYP\Debug\link.write.1.tlog
C:\Users\Joshua\Documents\Final Year\U1150202_FYP\U1150202_FYP\Debug\vc110.idb
C:\Users\Joshua\Documents\Final Year\U1150202_FYP\U1150202_FYP\Debug\vc110.pdb
C:\Users\Joshua\Documents\Final Year\U1150202_FYP\Debug\U1150202_FYP.pdb
C:\Users\Joshua\Documents\Final Year\U1150202_FYP\Debug\U1150202_FYP.exe
C:\Users\Joshua\Documents\Final Year\U1150202_FYP\Debug\U1150202_FYP.ilk
